<?xml version="1.0" encoding="UTF-8"?>
<!-- Generated by org.testng.reporters.JUnitReportReporter -->
<testsuite hostname="IN-5CD5127Q9H" failures="0" tests="1" name="com.api.tests.LoginAPITest" time="2.097" errors="0" timestamp="2025-07-07T23:24:15 IST" skipped="0">
  <testcase classname="com.api.tests.LoginAPITest" name="loginTest" time="2.097"/>
</testsuite> <!-- com.api.tests.LoginAPITest -->
