<?xml version="1.0" encoding="UTF-8"?>
<!-- Generated by org.testng.reporters.JUnitReportReporter -->
<testsuite hostname="IN-5CD5127Q9H" failures="0" tests="1" name="com.api.tests.AccountCreationTest" time="1.990" errors="0" timestamp="2025-07-08T09:04:42 IST" skipped="0">
  <testcase classname="com.api.tests.AccountCreationTest" name="createAccountTest" time="1.990"/>
</testsuite> <!-- com.api.tests.AccountCreationTest -->
