<?xml version="1.0" encoding="UTF-8"?>
<!-- Generated by org.testng.reporters.JUnitReportReporter -->
<testsuite hostname="IN-5CD5127Q9H" failures="0" tests="1" name="com.api.tests.ForgotPasswordTest" time="1.905" errors="0" timestamp="2025-07-08T08:44:36 IST" skipped="0">
  <testcase classname="com.api.tests.ForgotPasswordTest" name="forgotPasswordTest" time="1.905"/>
</testsuite> <!-- com.api.tests.ForgotPasswordTest -->
