<?xml version="1.0" encoding="UTF-8"?>
<!-- Generated by org.testng.reporters.JUnitReportReporter -->
<testsuite hostname="IN-5CD5127Q9H" failures="0" tests="1" name="com.api.tests.GetProfileRequestTest" time="2.530" errors="0" timestamp="2025-07-08T09:22:21 IST" skipped="0">
  <testcase classname="com.api.tests.GetProfileRequestTest" name="getProfileInfoTest" time="2.530"/>
</testsuite> <!-- com.api.tests.GetProfileRequestTest -->
