<?xml version="1.0" encoding="UTF-8"?>
<!-- Generated by org.testng.reporters.JUnitReportReporter -->
<testsuite hostname="IN-5CD5127Q9H" failures="0" tests="1" name="com.api.tests.UpdateProfileTest" time="2.497" errors="0" timestamp="2025-07-08T11:23:08 IST" skipped="0">
  <testcase classname="com.api.tests.UpdateProfileTest" name="updateProfile" time="2.497"/>
</testsuite> <!-- com.api.tests.UpdateProfileTest -->
