<?xml version="1.0" encoding="UTF-8"?>
<!-- Generated by org.testng.reporters.JUnitReportReporter -->
<testsuite hostname="IN-5CD5127Q9H" failures="0" tests="1" name="com.api.tests.LoginAPITest" time="3.146" errors="0" timestamp="2025-07-09T08:56:34 IST" skipped="0">
  <testcase classname="com.api.tests.LoginAPITest" name="loginTest" time="3.146"/>
</testsuite> <!-- com.api.tests.LoginAPITest -->
